<?xml version="1.0" encoding="UTF-8"?>
<testng-results skipped="0" failed="1" total="2" passed="1">
  <reporter-output>
  </reporter-output>
  <suite name="Default Suite" duration-ms="12" started-at="2018-01-26T12:14:10Z" finished-at="2018-01-26T12:14:10Z">
    <groups>
      <group name="XTP-123">
        <method signature="TestClass.t1(java.lang.String)[pri:0, instance:example2.TestClass@5d3411d]" name="t1" class="example2.TestClass"/>
        <method signature="TestClass.t2(java.lang.String)[pri:0, instance:example2.TestClass@5d3411d]" name="t2" class="example2.TestClass"/>
      </group> <!-- XTP-123 -->
    </groups>
    <test name="testNG" duration-ms="12" started-at="2018-01-26T12:14:10Z" finished-at="2018-01-26T12:14:10Z">
      <class name="example2.TestClass">
        <test-method status="PASS" signature="t1(java.lang.String)[pri:0, instance:example2.TestClass@5d3411d]" name="t1" duration-ms="0" started-at="2018-01-26T12:14:10Z" finished-at="2018-01-26T12:14:10Z">
          <exception class="org.testng.TestNGException">
            <message>
              <![CDATA[
Parameter 'Requirement' is required by @Test on method t1 but has not been marked @Optional or defined
in C:\Users\nmms\.IntelliJIdea2017.3\system\temp-testng-customsuite.xml]]>
            </message>
            <full-stacktrace>
              <![CDATA[org.testng.TestNGException: 
Parameter 'Requirement' is required by @Test on method t1 but has not been marked @Optional or defined
in C:\Users\nmms\.IntelliJIdea2017.3\system\temp-testng-customsuite.xml
	at org.testng.internal.Parameters.createParameters(Parameters.java:155)
	at org.testng.internal.Parameters.createParameters(Parameters.java:358)
	at org.testng.internal.Parameters.handleParameters(Parameters.java:450)
	at org.testng.internal.Invoker.handleParameters(Invoker.java:1383)
	at org.testng.internal.Invoker.createParameters(Invoker.java:1075)
	at org.testng.internal.Invoker.invokeTestMethods(Invoker.java:1180)
	at org.testng.internal.TestMethodWorker.invokeTestMethods(TestMethodWorker.java:127)
	at org.testng.internal.TestMethodWorker.run(TestMethodWorker.java:111)
	at org.testng.TestRunner.privateRun(TestRunner.java:767)
	at org.testng.TestRunner.run(TestRunner.java:617)
	at org.testng.SuiteRunner.runTest(SuiteRunner.java:348)
	at org.testng.SuiteRunner.runSequentially(SuiteRunner.java:343)
	at org.testng.SuiteRunner.privateRun(SuiteRunner.java:305)
	at org.testng.SuiteRunner.run(SuiteRunner.java:254)
	at org.testng.SuiteRunnerWorker.runSuite(SuiteRunnerWorker.java:52)
	at org.testng.SuiteRunnerWorker.run(SuiteRunnerWorker.java:86)
	at org.testng.TestNG.runSuitesSequentially(TestNG.java:1224)
	at org.testng.TestNG.runSuitesLocally(TestNG.java:1149)
	at org.testng.TestNG.run(TestNG.java:1057)
	at org.testng.IDEARemoteTestNG.run(IDEARemoteTestNG.java:72)
	at org.testng.RemoteTestNGStarter.main(RemoteTestNGStarter.java:123)
]]>
            </full-stacktrace>
          </exception> <!-- org.testng.TestNGException -->
          <reporter-output>
          </reporter-output>
        </test-method> <!-- t1 -->
        <test-method status="FAIL" signature="t2(java.lang.String)[pri:0, instance:example2.TestClass@5d3411d]" name="t2" duration-ms="0" started-at="2018-01-26T12:14:10Z" finished-at="2018-01-26T12:14:10Z">
          <exception class="org.testng.TestNGException">
            <message>
              <![CDATA[
Parameter 'Test' is required by @Test on method t2 but has not been marked @Optional or defined
in C:\Users\nmms\.IntelliJIdea2017.3\system\temp-testng-customsuite.xml]]>
            </message>
            <full-stacktrace>
              <![CDATA[org.testng.TestNGException: 
Parameter 'Test' is required by @Test on method t2 but has not been marked @Optional or defined
in C:\Users\nmms\.IntelliJIdea2017.3\system\temp-testng-customsuite.xml
	at org.testng.internal.Parameters.createParameters(Parameters.java:155)
	at org.testng.internal.Parameters.createParameters(Parameters.java:358)
	at org.testng.internal.Parameters.handleParameters(Parameters.java:450)
	at org.testng.internal.Invoker.handleParameters(Invoker.java:1383)
	at org.testng.internal.Invoker.createParameters(Invoker.java:1075)
	at org.testng.internal.Invoker.invokeTestMethods(Invoker.java:1180)
	at org.testng.internal.TestMethodWorker.invokeTestMethods(TestMethodWorker.java:127)
	at org.testng.internal.TestMethodWorker.run(TestMethodWorker.java:111)
	at org.testng.TestRunner.privateRun(TestRunner.java:767)
	at org.testng.TestRunner.run(TestRunner.java:617)
	at org.testng.SuiteRunner.runTest(SuiteRunner.java:348)
	at org.testng.SuiteRunner.runSequentially(SuiteRunner.java:343)
	at org.testng.SuiteRunner.privateRun(SuiteRunner.java:305)
	at org.testng.SuiteRunner.run(SuiteRunner.java:254)
	at org.testng.SuiteRunnerWorker.runSuite(SuiteRunnerWorker.java:52)
	at org.testng.SuiteRunnerWorker.run(SuiteRunnerWorker.java:86)
	at org.testng.TestNG.runSuitesSequentially(TestNG.java:1224)
	at org.testng.TestNG.runSuitesLocally(TestNG.java:1149)
	at org.testng.TestNG.run(TestNG.java:1057)
	at org.testng.IDEARemoteTestNG.run(IDEARemoteTestNG.java:72)
	at org.testng.RemoteTestNGStarter.main(RemoteTestNGStarter.java:123)
]]>
            </full-stacktrace>
          </exception> <!-- org.testng.TestNGException -->
          <reporter-output>
          </reporter-output>
        </test-method> <!-- t2 -->
      </class> <!-- example2.TestClass -->
    </test> <!-- testNG -->
  </suite> <!-- Default Suite -->
</testng-results>
